2025-02-11 13:31:29,545 - INFO - 开始获取北京天气数据...
2025-02-11 13:31:29,546 - INFO - 时间范围: 2005-01-01 到 2025-01-01
2025-02-11 13:31:41,708 - INFO - 成功获取 7306 条天气记录
2025-02-11 13:31:41,709 - INFO - 缺失值统计：
tavg       0
tmin       3
tmax       2
wdir    2718
wspd      37
pres    3678
prcp    1792
dtype: int64
2025-02-11 13:31:41,719 - WARNING - tavg 列发现 19 个异常值
2025-02-11 13:31:41,723 - WARNING - tmin 列发现 2 个异常值
2025-02-11 13:31:41,726 - WARNING - tmax 列发现 20 个异常值
2025-02-11 13:31:41,729 - WARNING - pres 列发现 478 个异常值
2025-02-11 13:31:41,761 - INFO - 
数据统计摘要：
              tavg         tmin         tmax         wdir         wspd         pres         prcp
count  7306.000000  7306.000000  7306.000000  7306.000000  7306.000000  7306.000000  7306.000000
mean     13.328433     8.021790    19.293754   175.934848     9.749665  1013.295809     2.138838
std      11.336894    11.410195    11.456668   108.933063     4.485480     8.359765     7.804662
min     -12.633333   -20.333333    -7.566667     0.000000     2.900000   990.500000     0.000000
25%       2.500000    -2.775000     9.000000    88.000000     6.800000  1008.794039     0.000000
50%      14.700000     8.850000    21.000000   154.000000     8.600000  1009.643666     0.000000
75%      23.800000    18.700000    29.600000   289.875000    11.300000  1018.100000     0.500000
max      34.500000    29.200000    42.000000   360.000000    35.900000  1043.766667   262.600000
2025-02-11 13:31:41,871 - INFO - 数据已保存到: data\datasetMeteostat_北京.csv
2025-02-11 13:31:41,872 - INFO - 数据集大小: (7306, 7)
2025-02-11 13:31:41,873 - INFO - 数据处理完成!
