2025-02-11 13:30:50,751 - INFO - 开始获取广州天气数据...
2025-02-11 13:30:50,752 - INFO - 时间范围: 2005-01-01 到 2025-01-01
2025-02-11 13:30:50,795 - INFO - 成功获取 7306 条天气记录
2025-02-11 13:30:50,800 - INFO - 缺失值统计：
tavg       0
tmin       2
tmax       3
wdir    3154
wspd      40
pres    3601
prcp    1110
dtype: int64
2025-02-11 13:30:50,815 - WARNING - pres 列发现 16 个异常值
2025-02-11 13:30:50,847 - INFO - 
数据统计摘要：
              tavg         tmin         tmax         wdir         wspd         pres         prcp
count  7306.000000  7306.000000  7306.000000  7306.000000  7306.000000  7306.000000  7306.000000
mean     23.210580    19.088379    27.599986   115.395634     8.941788  1009.926004     6.470764
std       6.286298     6.368392     6.464130   105.080052     4.102989     6.873133    15.894905
min       4.700000     1.100000     6.000000     0.000000     1.700000   991.300000     0.000000
25%      18.700000    14.100000    23.200000    20.865079     6.025000  1004.807899     0.000000
50%      24.700000    20.600000    28.900000    95.500000     7.800000  1009.200000     0.200000
75%      28.200000    24.600000    33.000000   158.000000    10.700000  1014.046050     4.800000
max      35.100000    30.400000    40.000000   360.000000    36.100000  1034.100000   226.600000
2025-02-11 13:30:51,024 - INFO - 数据已保存到: data\datasetMeteostat_广州.csv
2025-02-11 13:30:51,025 - INFO - 数据集大小: (7306, 7)
2025-02-11 13:30:51,026 - INFO - 数据处理完成!
